<?xml version="1.0" encoding="UTF-8"?>
<testng-results ignored="0" total="1" passed="1" failed="0" skipped="0">
  <reporter-output>
  </reporter-output>
  <suite started-at="2024-01-19T08:14:30 GMT" name="Default suite" finished-at="2024-01-19T08:14:34 GMT" duration-ms="4202">
    <groups>
    </groups>
    <test started-at="2024-01-19T08:14:30 GMT" name="Default test" finished-at="2024-01-19T08:14:34 GMT" duration-ms="4202">
      <class name="testCases.Login">
        <test-method is-config="true" signature="beforeTest()[pri:0, instance:testCases.Login@172b013]" started-at="2024-01-19T08:14:30 GMT" name="beforeTest" finished-at="2024-01-19T08:14:33 GMT" duration-ms="2823" status="PASS">
          <reporter-output>
          </reporter-output>
        </test-method> <!-- beforeTest -->
        <test-method signature="login_test()[pri:0, instance:testCases.Login@172b013]" started-at="2024-01-19T08:14:33 GMT" name="login_test" finished-at="2024-01-19T08:14:34 GMT" duration-ms="974" status="PASS">
          <reporter-output>
          </reporter-output>
        </test-method> <!-- login_test -->
        <test-method is-config="true" signature="afterTest()[pri:0, instance:testCases.Login@172b013]" started-at="2024-01-19T08:14:34 GMT" name="afterTest" finished-at="2024-01-19T08:14:34 GMT" duration-ms="257" status="PASS">
          <reporter-output>
          </reporter-output>
        </test-method> <!-- afterTest -->
      </class> <!-- testCases.Login -->
    </test> <!-- Default test -->
  </suite> <!-- Default suite -->
</testng-results>
